<?xml version="1.0" encoding="UTF-8"?>
<testsuite name="com.kero.test.opencascade.MainTest" tests="13" skipped="0" failures="0" errors="0" timestamp="2020-09-30T17:30:04" hostname="DESKTOP-0M6QE3D" time="2.685">
  <properties/>
  <testcase name="findTest()" classname="com.kero.test.opencascade.MainTest" time="0.024"/>
  <testcase name="repetition 1 of 10" classname="com.kero.test.opencascade.MainTest" time="0.263"/>
  <testcase name="repetition 2 of 10" classname="com.kero.test.opencascade.MainTest" time="0.28"/>
  <testcase name="repetition 3 of 10" classname="com.kero.test.opencascade.MainTest" time="0.217"/>
  <testcase name="repetition 4 of 10" classname="com.kero.test.opencascade.MainTest" time="0.246"/>
  <testcase name="repetition 5 of 10" classname="com.kero.test.opencascade.MainTest" time="0.245"/>
  <testcase name="repetition 6 of 10" classname="com.kero.test.opencascade.MainTest" time="0.302"/>
  <testcase name="repetition 7 of 10" classname="com.kero.test.opencascade.MainTest" time="0.263"/>
  <testcase name="repetition 8 of 10" classname="com.kero.test.opencascade.MainTest" time="0.24"/>
  <testcase name="repetition 9 of 10" classname="com.kero.test.opencascade.MainTest" time="0.294"/>
  <testcase name="repetition 10 of 10" classname="com.kero.test.opencascade.MainTest" time="0.229"/>
  <testcase name="removeTest()" classname="com.kero.test.opencascade.MainTest" time="0.004"/>
  <testcase name="createTest()" classname="com.kero.test.opencascade.MainTest" time="0.001"/>
  <system-out><![CDATA[]]></system-out>
  <system-err><![CDATA[]]></system-err>
</testsuite>
